{
  "defectsList" : [ {
    "title" : "Product defects",
    "status" : "FAILED",
    "defects" : [ {
      "uid" : "de13e2e1345f342c",
      "failure" : {
        "message" : "Expected 'Protractor practice website - Calculator' to equal 'Protractor11 practice website - Calculator'.",
        "stackTrace" : "Error: Failed expectation\n    at D:\\Webstorm\\ProtractorModules\\ProtractorTest\\Basics\\AllureValidateTitle.js:22:27\n    at ManagedPromise.invokeCallback_ (C:\\Users\\Poltu\\AppData\\Roaming\\npm\\node_modules\\protractor\\node_modules\\selenium-webdriver\\lib\\promise.js:1376:14)\n    at TaskQueue.execute_ (C:\\Users\\Poltu\\AppData\\Roaming\\npm\\node_modules\\protractor\\node_modules\\selenium-webdriver\\lib\\promise.js:3084:14)\n    at TaskQueue.executeNext_ (C:\\Users\\Poltu\\AppData\\Roaming\\npm\\node_modules\\protractor\\node_modules\\selenium-webdriver\\lib\\promise.js:3067:27)\n    at asyncRun (C:\\Users\\Poltu\\AppData\\Roaming\\npm\\node_modules\\protractor\\node_modules\\selenium-webdriver\\lib\\promise.js:2974:25)\n    at C:\\Users\\Poltu\\AppData\\Roaming\\npm\\node_modules\\protractor\\node_modules\\selenium-webdriver\\lib\\promise.js:668:7\n    at <anonymous>\n    at process._tickCallback (internal/process/next_tick.js:188:7)"
      },
      "testCases" : [ {
        "uid" : "f0451eb53ee6af8c",
        "name" : "Enter the incorrect title",
        "title" : "Enter the incorrect title",
        "time" : {
          "start" : 1528295543347,
          "stop" : 1528295544534,
          "duration" : 1187
        },
        "severity" : "NORMAL",
        "status" : "FAILED"
      } ]
    } ]
  }, {
    "title" : "Test defects",
    "status" : "BROKEN",
    "defects" : [ ]
  } ]
}